-------------------------------------------------------------------------------
Test set: com.pluralsight.bookstore.repository.BookRepositoryTest
-------------------------------------------------------------------------------
Tests run: 1, Failures: 0, Errors: 1, Skipped: 0, Time elapsed: 2.206 sec <<< FAILURE! - in com.pluralsight.bookstore.repository.BookRepositoryTest
com.pluralsight.bookstore.repository.BookRepositoryTest  Time elapsed: 2.202 sec  <<< ERROR!
org.jboss.arquillian.container.spi.client.container.DeploymentException: Cannot deploy: test.war
Caused by: java.lang.Exception: "WFLYCTL0212: Duplicate resource [(\"deployment\" => \"test.war\")]"

